#
# There is insufficient memory for the Java Runtime Environment to continue.
# Native memory allocation (mmap) failed to map 65536 bytes for Failed to commit metaspace.
# Possible reasons:
#   The system is out of physical RAM or swap space
#   The process is running with CompressedOops enabled, and the Java Heap may be blocking the growth of the native heap
# Possible solutions:
#   Reduce memory load on the system
#   Increase physical memory or swap space
#   Check if swap backing store is full
#   Decrease Java heap size (-Xmx/-Xms)
#   Decrease number of Java threads
#   Decrease Java thread stack sizes (-Xss)
#   Set larger code cache with -XX:ReservedCodeCacheSize=
#   JVM is running with Unscaled Compressed Oops mode in which the Java heap is
#     placed in the first 4GB address space. The Java Heap base address is the
#     maximum limit for the native heap growth. Please use -XX:HeapBaseMinAddress
#     to set the Java Heap base and to place the Java Heap above 4GB virtual address.
# This output file may be truncated or incomplete.
#
#  Out of Memory Error (virtualSpaceNode.cpp:110), pid=8412, tid=12832
#
# JRE version: OpenJDK Runtime Environment Temurin-17.0.5+8 (17.0.5+8) (build 17.0.5+8)
# Java VM: OpenJDK 64-Bit Server VM Temurin-17.0.5+8 (17.0.5+8, mixed mode, tiered, compressed oops, compressed class ptrs, g1 gc, windows-amd64)
# No core dump will be written. Minidumps are not enabled by default on client versions of Windows
#

---------------  S U M M A R Y ------------

Command Line: -Dfile.encoding=UTF-8 -XX:+ShowCodeDetailsInExceptionMessages com.recharger.admin.AdminApplication

Host: Intel(R) Core(TM) i3-5005U CPU @ 2.00GHz, 4 cores, 3G,  Windows 10 , 64 bit Build 19041 (10.0.19041.2546)
Time: Tue Feb 28 10:37:35 2023 India Standard Time elapsed time: 23.062500 seconds (0d 0h 0m 23s)

---------------  T H R E A D  ---------------

Current thread (0x00000252dac145a0):  JavaThread "restartedMain" [_thread_in_vm, id=12832, stack(0x0000006506e00000,0x0000006506f00000)]

Stack: [0x0000006506e00000,0x0000006506f00000]
Native frames: (J=compiled Java code, j=interpreted, Vv=VM code, C=native code)
V  [jvm.dll+0x676b3a]
V  [jvm.dll+0x831444]
V  [jvm.dll+0x832bee]
V  [jvm.dll+0x833253]
V  [jvm.dll+0x244ce5]
V  [jvm.dll+0x82d4db]
V  [jvm.dll+0x61b2f6]
V  [jvm.dll+0x1bfd2e]
V  [jvm.dll+0x61dc41]
V  [jvm.dll+0x61bc96]
V  [jvm.dll+0x625b37]
V  [jvm.dll+0x1e99bb]
V  [jvm.dll+0x1e9ef5]
V  [jvm.dll+0x1ea92f]
V  [jvm.dll+0x1dfdd1]
V  [jvm.dll+0x53be30]
V  [jvm.dll+0x7ac5a8]
V  [jvm.dll+0x7ac694]
V  [jvm.dll+0x40ba25]
V  [jvm.dll+0x411bb8]
C  [java.dll+0x17ec]

Java frames: (J=compiled Java code, j=interpreted, Vv=VM code)
J 978  java.lang.ClassLoader.defineClass1(Ljava/lang/ClassLoader;Ljava/lang/String;[BIILjava/security/ProtectionDomain;Ljava/lang/String;)Ljava/lang/Class; java.base@17.0.5 (0 bytes) @ 0x00000252ccd19fdb [0x00000252ccd19f20+0x00000000000000bb]
J 1076 c1 java.lang.ClassLoader.defineClass(Ljava/lang/String;[BIILjava/security/ProtectionDomain;)Ljava/lang/Class; java.base@17.0.5 (43 bytes) @ 0x00000252c59ab344 [0x00000252c59ab000+0x0000000000000344]
J 723 c1 java.security.SecureClassLoader.defineClass(Ljava/lang/String;[BIILjava/security/CodeSource;)Ljava/lang/Class; java.base@17.0.5 (16 bytes) @ 0x00000252c58feb8c [0x00000252c58feac0+0x00000000000000cc]
J 4086 c2 jdk.internal.loader.BuiltinClassLoader.findClassOnClassPathOrNull(Ljava/lang/String;)Ljava/lang/Class; java.base@17.0.5 (64 bytes) @ 0x00000252cced89e0 [0x00000252cced7280+0x0000000000001760]
J 3416 c2 jdk.internal.loader.BuiltinClassLoader.loadClassOrNull(Ljava/lang/String;Z)Ljava/lang/Class; java.base@17.0.5 (143 bytes) @ 0x00000252cce4e760 [0x00000252cce4e4a0+0x00000000000002c0]
J 3827 c2 jdk.internal.loader.ClassLoaders$AppClassLoader.loadClass(Ljava/lang/String;Z)Ljava/lang/Class; java.base@17.0.5 (40 bytes) @ 0x00000252cceb446c [0x00000252cceb4420+0x000000000000004c]
J 583 c1 java.lang.ClassLoader.loadClass(Ljava/lang/String;)Ljava/lang/Class; java.base@17.0.5 (7 bytes) @ 0x00000252c58aaebc [0x00000252c58aadc0+0x00000000000000fc]
v  ~StubRoutines::call_stub
j  org.hibernate.boot.internal.InFlightMetadataCollectorImpl.buildMetadataInstance(Lorg/hibernate/boot/spi/MetadataBuildingContext;)Lorg/hibernate/boot/internal/MetadataImpl;+9
j  org.hibernate.boot.model.process.spi.MetadataBuildingProcess.complete(Lorg/hibernate/boot/model/process/spi/ManagedResources;Lorg/hibernate/boot/spi/BootstrapContext;Lorg/hibernate/boot/spi/MetadataBuildingOptions;)Lorg/hibernate/boot/spi/MetadataImplementor;+500
j  org.hibernate.jpa.boot.internal.EntityManagerFactoryBuilderImpl.metadata()Lorg/hibernate/boot/spi/MetadataImplementor;+30
j  org.hibernate.jpa.boot.internal.EntityManagerFactoryBuilderImpl.build()Ljavax/persistence/EntityManagerFactory;+3
j  org.springframework.orm.jpa.vendor.SpringHibernateJpaPersistenceProvider.createContainerEntityManagerFactory(Ljavax/persistence/spi/PersistenceUnitInfo;Ljava/util/Map;)Ljavax/persistence/EntityManagerFactory;+55
j  org.springframework.orm.jpa.LocalContainerEntityManagerFactoryBean.createNativeEntityManagerFactory()Ljavax/persistence/EntityManagerFactory;+129
j  org.springframework.orm.jpa.AbstractEntityManagerFactoryBean.buildNativeEntityManagerFactory()Ljavax/persistence/EntityManagerFactory;+1
j  org.springframework.orm.jpa.AbstractEntityManagerFactoryBean.afterPropertiesSet()V+192
j  org.springframework.orm.jpa.LocalContainerEntityManagerFactoryBean.afterPropertiesSet()V+77
j  org.springframework.beans.factory.support.AbstractAutowireCapableBeanFactory.invokeInitMethods(Ljava/lang/String;Ljava/lang/Object;Lorg/springframework/beans/factory/support/RootBeanDefinition;)V+106
j  org.springframework.beans.factory.support.AbstractAutowireCapableBeanFactory.initializeBean(Ljava/lang/String;Ljava/lang/Object;Lorg/springframework/beans/factory/support/RootBeanDefinition;)Ljava/lang/Object;+59
j  org.springframework.beans.factory.support.AbstractAutowireCapableBeanFactory.doCreateBean(Ljava/lang/String;Lorg/springframework/beans/factory/support/RootBeanDefinition;[Ljava/lang/Object;)Ljava/lang/Object;+245
j  org.springframework.beans.factory.support.AbstractAutowireCapableBeanFactory.createBean(Ljava/lang/String;Lorg/springframework/beans/factory/support/RootBeanDefinition;[Ljava/lang/Object;)Ljava/lang/Object;+169
j  org.springframework.beans.factory.support.AbstractBeanFactory.lambda$doGetBean$0(Ljava/lang/String;Lorg/springframework/beans/factory/support/RootBeanDefinition;[Ljava/lang/Object;)Ljava/lang/Object;+4
j  org.springframework.beans.factory.support.AbstractBeanFactory$$Lambda$251+0x0000000100257930.getObject()Ljava/lang/Object;+16
j  org.springframework.beans.factory.support.DefaultSingletonBeanRegistry.getSingleton(Ljava/lang/String;Lorg/springframework/beans/factory/ObjectFactory;)Ljava/lang/Object;+132
J 2511 c1 org.springframework.beans.factory.support.AbstractBeanFactory.doGetBean(Ljava/lang/String;Ljava/lang/Class;[Ljava/lang/Object;Z)Ljava/lang/Object; (832 bytes) @ 0x00000252c5cb58ac [0x00000252c5cb3b40+0x0000000000001d6c]
j  org.springframework.beans.factory.support.AbstractBeanFactory.getBean(Ljava/lang/String;)Ljava/lang/Object;+5
j  org.springframework.context.support.AbstractApplicationContext.getBean(Ljava/lang/String;)Ljava/lang/Object;+9
j  org.springframework.context.support.AbstractApplicationContext.finishBeanFactoryInitialization(Lorg/springframework/beans/factory/config/ConfigurableListableBeanFactory;)V+100
j  org.springframework.context.support.AbstractApplicationContext.refresh()V+86
j  org.springframework.boot.web.servlet.context.ServletWebServerApplicationContext.refresh()V+1
j  org.springframework.boot.SpringApplication.refresh(Lorg/springframework/context/ConfigurableApplicationContext;)V+1
j  org.springframework.boot.SpringApplication.refreshContext(Lorg/springframework/context/ConfigurableApplicationContext;)V+16
j  org.springframework.boot.SpringApplication.run([Ljava/lang/String;)Lorg/springframework/context/ConfigurableApplicationContext;+107
j  org.springframework.boot.SpringApplication.run([Ljava/lang/Class;[Ljava/lang/String;)Lorg/springframework/context/ConfigurableApplicationContext;+9
j  org.springframework.boot.SpringApplication.run(Ljava/lang/Class;[Ljava/lang/String;)Lorg/springframework/context/ConfigurableApplicationContext;+9
j  com.recharger.admin.AdminApplication.main([Ljava/lang/String;)V+3
v  ~StubRoutines::call_stub
j  jdk.internal.reflect.NativeMethodAccessorImpl.invoke0(Ljava/lang/reflect/Method;Ljava/lang/Object;[Ljava/lang/Object;)Ljava/lang/Object;+0 java.base@17.0.5
j  jdk.internal.reflect.NativeMethodAccessorImpl.invoke(Ljava/lang/Object;[Ljava/lang/Object;)Ljava/lang/Object;+133 java.base@17.0.5
j  jdk.internal.reflect.DelegatingMethodAccessorImpl.invoke(Ljava/lang/Object;[Ljava/lang/Object;)Ljava/lang/Object;+6 java.base@17.0.5
j  java.lang.reflect.Method.invoke(Ljava/lang/Object;[Ljava/lang/Object;)Ljava/lang/Object;+59 java.base@17.0.5
j  org.springframework.boot.devtools.restart.RestartLauncher.run()V+42
v  ~StubRoutines::call_stub

---------------  P R O C E S S  ---------------

Threads class SMR info:
_java_thread_list=0x00000252dd3308e0, length=19, elements={
0x00000252c1b448a0, 0x00000252d8bf5610, 0x00000252d8bf64c0, 0x00000252d8c184e0,
0x00000252d8c18e90, 0x00000252d8c19840, 0x00000252d8c1a1f0, 0x00000252d8c547e0,
0x00000252d8c5d290, 0x00000252d8c72450, 0x00000252d99393b0, 0x00000252d994dfc0,
0x00000252da3ddde0, 0x00000252dac145a0, 0x00000252da2b0150, 0x00000252db5fe760,
0x00000252db5f49c0, 0x00000252dd0d98e0, 0x00000252db8f2070
}

Java Threads: ( => current thread )
  0x00000252c1b448a0 JavaThread "main" [_thread_blocked, id=7968, stack(0x0000006505600000,0x0000006505700000)]
  0x00000252d8bf5610 JavaThread "Reference Handler" daemon [_thread_blocked, id=12780, stack(0x0000006505d00000,0x0000006505e00000)]
  0x00000252d8bf64c0 JavaThread "Finalizer" daemon [_thread_blocked, id=12624, stack(0x0000006505e00000,0x0000006505f00000)]
  0x00000252d8c184e0 JavaThread "Signal Dispatcher" daemon [_thread_blocked, id=4980, stack(0x0000006505f00000,0x0000006506000000)]
  0x00000252d8c18e90 JavaThread "Attach Listener" daemon [_thread_blocked, id=8216, stack(0x0000006506000000,0x0000006506100000)]
  0x00000252d8c19840 JavaThread "Service Thread" daemon [_thread_blocked, id=10712, stack(0x0000006506100000,0x0000006506200000)]
  0x00000252d8c1a1f0 JavaThread "Monitor Deflation Thread" daemon [_thread_blocked, id=15352, stack(0x0000006506200000,0x0000006506300000)]
  0x00000252d8c547e0 JavaThread "C2 CompilerThread0" daemon [_thread_in_native, id=2836, stack(0x0000006506300000,0x0000006506400000)]
  0x00000252d8c5d290 JavaThread "C1 CompilerThread0" daemon [_thread_blocked, id=13508, stack(0x0000006506400000,0x0000006506500000)]
  0x00000252d8c72450 JavaThread "Sweeper thread" daemon [_thread_blocked, id=5472, stack(0x0000006506500000,0x0000006506600000)]
  0x00000252d99393b0 JavaThread "Notification Thread" daemon [_thread_blocked, id=15568, stack(0x0000006506600000,0x0000006506700000)]
  0x00000252d994dfc0 JavaThread "Common-Cleaner" daemon [_thread_blocked, id=14132, stack(0x0000006506800000,0x0000006506900000)]
  0x00000252da3ddde0 JavaThread "Thread-0" [_thread_blocked, id=14444, stack(0x0000006506d00000,0x0000006506e00000)]
=>0x00000252dac145a0 JavaThread "restartedMain" [_thread_in_vm, id=12832, stack(0x0000006506e00000,0x0000006506f00000)]
  0x00000252da2b0150 JavaThread "Catalina-utility-1" [_thread_blocked, id=13152, stack(0x0000006506f00000,0x0000006507000000)]
  0x00000252db5fe760 JavaThread "Catalina-utility-2" [_thread_blocked, id=13980, stack(0x0000006507000000,0x0000006507100000)]
  0x00000252db5f49c0 JavaThread "container-0" [_thread_blocked, id=3884, stack(0x0000006507100000,0x0000006507200000)]
  0x00000252dd0d98e0 JavaThread "HikariPool-1 housekeeper" daemon [_thread_blocked, id=3248, stack(0x0000006507300000,0x0000006507400000)]
  0x00000252db8f2070 JavaThread "HikariPool-1 connection adder" daemon [_thread_blocked, id=12532, stack(0x0000006507400000,0x0000006507500000)]

Other Threads:
  0x00000252c1c0b8e0 VMThread "VM Thread" [stack: 0x0000006505c00000,0x0000006505d00000] [id=15544] _threads_hazard_ptr=0x00000252dd3308e0
  0x00000252d993a090 WatcherThread [stack: 0x0000006506700000,0x0000006506800000] [id=3556]
  0x00000252c1b82760 GCTaskThread "GC Thread#0" [stack: 0x0000006505700000,0x0000006505800000] [id=11664]
  0x00000252da135220 GCTaskThread "GC Thread#1" [stack: 0x0000006506900000,0x0000006506a00000] [id=15640]
  0x00000252da395bc0 GCTaskThread "GC Thread#2" [stack: 0x0000006506a00000,0x0000006506b00000] [id=15900]
  0x00000252da3b5230 GCTaskThread "GC Thread#3" [stack: 0x0000006506b00000,0x0000006506c00000] [id=3288]
  0x00000252c1b8dad0 ConcurrentGCThread "G1 Main Marker" [stack: 0x0000006505800000,0x0000006505900000] [id=5148]
  0x00000252c1b8e3e0 ConcurrentGCThread "G1 Conc#0" [stack: 0x0000006505900000,0x0000006505a00000] [id=8124]
  0x00000252c1bde2c0 ConcurrentGCThread "G1 Refine#0" [stack: 0x0000006505a00000,0x0000006505b00000] [id=2112]
  0x00000252da0a2000 ConcurrentGCThread "G1 Refine#1" [stack: 0x0000006506c00000,0x0000006506d00000] [id=2828]
  0x00000252c1bdebe0 ConcurrentGCThread "G1 Service" [stack: 0x0000006505b00000,0x0000006505c00000] [id=5716]

Threads with active compile tasks:
C2 CompilerThread0    23183 4117       4       jdk.internal.org.objectweb.asm.Frame::execute (2305 bytes)

VM state: synchronizing (normal execution)

VM Mutex/Monitor currently owned by a thread:  ([mutex/lock_event])
[0x00000252c1b404b0] Metaspace_lock - owner thread: 0x00000252dac145a0
[0x00000252c1b417d0] Threads_lock - owner thread: 0x00000252c1c0b8e0

Heap address: 0x00000000c1400000, size: 1004 MB, Compressed Oops mode: 32-bit

CDS archive(s) not mapped
Compressed class space mapped at: 0x0000000100000000-0x0000000140000000, reserved size: 1073741824
Narrow klass base: 0x0000000000000000, Narrow klass shift: 3, Narrow klass range: 0x140000000

GC Precious Log:
 CPUs: 4 total, 4 available
 Memory: 4010M
 Large Page Support: Disabled
 NUMA Support: Disabled
 Compressed Oops: Enabled (32-bit)
 Heap Region Size: 1M
 Heap Min Capacity: 8M
 Heap Initial Capacity: 64M
 Heap Max Capacity: 1004M
 Pre-touch: Disabled
 Parallel Workers: 4
 Concurrent Workers: 1
 Concurrent Refinement Workers: 4
 Periodic GC: Disabled

Heap:
 garbage-first heap   total 37888K, used 27152K [0x00000000c1400000, 0x0000000100000000)
  region size 1024K, 12 young (12288K), 2 survivors (2048K)
 Metaspace       used 49909K, committed 50176K, reserved 1097728K
  class space    used 6141K, committed 6272K, reserved 1048576K

Heap Regions: E=young(eden), S=young(survivor), O=old, HS=humongous(starts), HC=humongous(continues), CS=collection set, F=free, OA=open archive, CA=closed archive, TAMS=top-at-mark-start (previous, next)
|   0|0x00000000c1400000, 0x00000000c1500000, 0x00000000c1500000|100%|HS|  |TAMS 0x00000000c1500000, 0x00000000c1400000| Complete 
|   1|0x00000000c1500000, 0x00000000c1600000, 0x00000000c1600000|100%| O|  |TAMS 0x00000000c1600000, 0x00000000c1500000| Untracked 
|   2|0x00000000c1600000, 0x00000000c1700000, 0x00000000c1700000|100%| O|  |TAMS 0x00000000c1700000, 0x00000000c1600000| Untracked 
|   3|0x00000000c1700000, 0x00000000c1800000, 0x00000000c1800000|100%| O|  |TAMS 0x00000000c1800000, 0x00000000c1700000| Untracked 
|   4|0x00000000c1800000, 0x00000000c1900000, 0x00000000c1900000|100%| O|  |TAMS 0x00000000c1900000, 0x00000000c1800000| Untracked 
|   5|0x00000000c1900000, 0x00000000c1a00000, 0x00000000c1a00000|100%| O|  |TAMS 0x00000000c1a00000, 0x00000000c1900000| Untracked 
|   6|0x00000000c1a00000, 0x00000000c1a0fe00, 0x00000000c1b00000|  6%| O|  |TAMS 0x00000000c1a0fe00, 0x00000000c1a00000| Untracked 
|   7|0x00000000c1b00000, 0x00000000c1c00000, 0x00000000c1c00000|100%| O|  |TAMS 0x00000000c1c00000, 0x00000000c1b00000| Untracked 
|   8|0x00000000c1c00000, 0x00000000c1d00000, 0x00000000c1d00000|100%| O|  |TAMS 0x00000000c1d00000, 0x00000000c1c00000| Untracked 
|   9|0x00000000c1d00000, 0x00000000c1e00000, 0x00000000c1e00000|100%| O|  |TAMS 0x00000000c1e00000, 0x00000000c1d00000| Untracked 
|  10|0x00000000c1e00000, 0x00000000c1f00000, 0x00000000c1f00000|100%| O|  |TAMS 0x00000000c1f00000, 0x00000000c1e00000| Untracked 
|  11|0x00000000c1f00000, 0x00000000c2000000, 0x00000000c2000000|100%| O|  |TAMS 0x00000000c2000000, 0x00000000c1f00000| Untracked 
|  12|0x00000000c2000000, 0x00000000c2100000, 0x00000000c2100000|100%| O|  |TAMS 0x00000000c2100000, 0x00000000c2000000| Untracked 
|  13|0x00000000c2100000, 0x00000000c2200000, 0x00000000c2200000|100%| O|  |TAMS 0x00000000c2200000, 0x00000000c2100000| Untracked 
|  14|0x00000000c2200000, 0x00000000c2300000, 0x00000000c2300000|100%| O|  |TAMS 0x00000000c2300000, 0x00000000c2200000| Untracked 
|  15|0x00000000c2300000, 0x00000000c2400000, 0x00000000c2400000|100%| O|  |TAMS 0x00000000c2400000, 0x00000000c2300000| Untracked 
|  16|0x00000000c2400000, 0x00000000c24b9400, 0x00000000c2500000| 72%| O|  |TAMS 0x00000000c241a000, 0x00000000c2400000| Untracked 
|  17|0x00000000c2500000, 0x00000000c2500000, 0x00000000c2600000|  0%| F|  |TAMS 0x00000000c2500000, 0x00000000c2500000| Untracked 
|  18|0x00000000c2600000, 0x00000000c2600000, 0x00000000c2700000|  0%| F|  |TAMS 0x00000000c2600000, 0x00000000c2600000| Untracked 
|  19|0x00000000c2700000, 0x00000000c2700000, 0x00000000c2800000|  0%| F|  |TAMS 0x00000000c2700000, 0x00000000c2700000| Untracked 
|  20|0x00000000c2800000, 0x00000000c2800000, 0x00000000c2900000|  0%| F|  |TAMS 0x00000000c2800000, 0x00000000c2800000| Untracked 
|  21|0x00000000c2900000, 0x00000000c2900000, 0x00000000c2a00000|  0%| F|  |TAMS 0x00000000c2900000, 0x00000000c2900000| Untracked 
|  22|0x00000000c2a00000, 0x00000000c2a00000, 0x00000000c2b00000|  0%| F|  |TAMS 0x00000000c2a00000, 0x00000000c2a00000| Untracked 
|  23|0x00000000c2b00000, 0x00000000c2b00000, 0x00000000c2c00000|  0%| F|  |TAMS 0x00000000c2b00000, 0x00000000c2b00000| Untracked 
|  24|0x00000000c2c00000, 0x00000000c2cbafa0, 0x00000000c2d00000| 73%| S|CS|TAMS 0x00000000c2c00000, 0x00000000c2c00000| Complete 
|  25|0x00000000c2d00000, 0x00000000c2d00000, 0x00000000c2e00000|  0%| F|  |TAMS 0x00000000c2d00000, 0x00000000c2d00000| Untracked 
|  26|0x00000000c2e00000, 0x00000000c2f00000, 0x00000000c2f00000|100%| S|CS|TAMS 0x00000000c2e00000, 0x00000000c2e00000| Complete 
|  27|0x00000000c2f00000, 0x00000000c2f11698, 0x00000000c3000000|  6%| E|  |TAMS 0x00000000c2f00000, 0x00000000c2f00000| Complete 
|  28|0x00000000c3000000, 0x00000000c3100000, 0x00000000c3100000|100%| E|CS|TAMS 0x00000000c3000000, 0x00000000c3000000| Complete 
|  29|0x00000000c3100000, 0x00000000c3200000, 0x00000000c3200000|100%| E|CS|TAMS 0x00000000c3100000, 0x00000000c3100000| Complete 
|  30|0x00000000c3200000, 0x00000000c3300000, 0x00000000c3300000|100%| E|CS|TAMS 0x00000000c3200000, 0x00000000c3200000| Complete 
|  31|0x00000000c3300000, 0x00000000c3400000, 0x00000000c3400000|100%| E|CS|TAMS 0x00000000c3300000, 0x00000000c3300000| Complete 
|  32|0x00000000c3400000, 0x00000000c3500000, 0x00000000c3500000|100%| E|CS|TAMS 0x00000000c3400000, 0x00000000c3400000| Complete 
|  58|0x00000000c4e00000, 0x00000000c4f00000, 0x00000000c4f00000|100%| E|CS|TAMS 0x00000000c4e00000, 0x00000000c4e00000| Complete 
|  59|0x00000000c4f00000, 0x00000000c5000000, 0x00000000c5000000|100%| E|CS|TAMS 0x00000000c4f00000, 0x00000000c4f00000| Complete 
|  60|0x00000000c5000000, 0x00000000c5100000, 0x00000000c5100000|100%| E|CS|TAMS 0x00000000c5000000, 0x00000000c5000000| Complete 
|  63|0x00000000c5300000, 0x00000000c5400000, 0x00000000c5400000|100%| E|CS|TAMS 0x00000000c5300000, 0x00000000c5300000| Complete 

Card table byte_map: [0x00000252d4400000,0x00000252d4600000] _byte_map_base: 0x00000252d3df6000

Marking Bits (Prev, Next): (CMBitMap*) 0x00000252c1b82cb0, (CMBitMap*) 0x00000252c1b82c70
 Prev Bits: [0x00000252d57b0000, 0x00000252d6760000)
 Next Bits: [0x00000252d4800000, 0x00000252d57b0000)

Polling page: 0x00000252bfa10000

Metaspace:

Usage:
  Non-class:     42.74 MB used.
      Class:      6.00 MB used.
       Both:     48.74 MB used.

Virtual space:
  Non-class space:       48.00 MB reserved,      42.88 MB ( 89%) committed,  6 nodes.
      Class space:        1.00 GB reserved,       6.12 MB ( <1%) committed,  1 nodes.
             Both:        1.05 GB reserved,      49.00 MB (  5%) committed. 

Chunk freelists:
   Non-Class:  496.00 KB
       Class:  1.84 MB
        Both:  2.33 MB

MaxMetaspaceSize: unlimited
CompressedClassSpaceSize: 1.00 GB
Initial GC threshold: 21.00 MB
Current GC threshold: 77.94 MB
CDS: off
MetaspaceReclaimPolicy: balanced
 - commit_granule_bytes: 65536.
 - commit_granule_words: 8192.
 - virtual_space_node_default_size: 1048576.
 - enlarge_chunks_in_place: 1.
 - new_chunks_are_fully_committed: 0.
 - uncommit_free_chunks: 1.
 - use_allocation_guard: 0.
 - handle_deallocations: 1.


Internal statistics:

num_allocs_failed_limit: 6.
num_arena_births: 278.
num_arena_deaths: 0.
num_vsnodes_births: 7.
num_vsnodes_deaths: 0.
num_space_committed: 784.
num_space_uncommitted: 0.
num_chunks_returned_to_freelist: 6.
num_chunks_taken_from_freelist: 1621.
num_chunk_merges: 6.
num_chunk_splits: 1138.
num_chunks_enlarged: 904.
num_purges: 0.
num_inconsistent_stats: 0.

CodeHeap 'non-profiled nmethods': size=120000Kb used=2127Kb max_used=2127Kb free=117872Kb
 bounds [0x00000252cccd0000, 0x00000252ccf40000, 0x00000252d4200000]
CodeHeap 'profiled nmethods': size=120000Kb used=9128Kb max_used=9128Kb free=110871Kb
 bounds [0x00000252c57a0000, 0x00000252c6090000, 0x00000252cccd0000]
CodeHeap 'non-nmethods': size=5760Kb used=1256Kb max_used=1286Kb free=4503Kb
 bounds [0x00000252c5200000, 0x00000252c5470000, 0x00000252c57a0000]
 total_blobs=4699 nmethods=4134 adapters=477
 compilation: enabled
              stopped_count=0, restarted_count=0
 full_count=0

Compilation events (20 events):
Event: 22.881 Thread 0x00000252d8c5d290 4135       3       java.lang.Module::getClassLoader (20 bytes)
Event: 22.882 Thread 0x00000252d8c5d290 nmethod 4135 0x00000252c6084f10 code [0x00000252c60850e0, 0x00000252c6085448]
Event: 22.914 Thread 0x00000252d8c5d290 4137       3       java.lang.reflect.ProxyGenerator::addProxyMethod (33 bytes)
Event: 22.914 Thread 0x00000252d8c5d290 nmethod 4137 0x00000252c6085590 code [0x00000252c6085780, 0x00000252c6085cb8]
Event: 22.914 Thread 0x00000252d8c5d290 4138       3       java.lang.reflect.ProxyGenerator$$Lambda$31/0x00000001000eeda0::apply (8 bytes)
Event: 22.915 Thread 0x00000252d8c5d290 nmethod 4138 0x00000252c6085e90 code [0x00000252c6086040, 0x00000252c6086328]
Event: 22.948 Thread 0x00000252d8c5d290 4139       3       org.hibernate.annotations.common.reflection.java.JavaReflectionManager::getMetadataProvider (23 bytes)
Event: 22.949 Thread 0x00000252d8c5d290 nmethod 4139 0x00000252c6086410 code [0x00000252c60865c0, 0x00000252c60868b8]
Event: 22.949 Thread 0x00000252d8c5d290 4140       3       org.hibernate.annotations.common.reflection.java.JavaXAnnotatedElement::getAnnotationReader (12 bytes)
Event: 22.949 Thread 0x00000252d8c5d290 nmethod 4140 0x00000252c6086a10 code [0x00000252c6086be0, 0x00000252c6087048]
Event: 22.953 Thread 0x00000252d8c5d290 4141       3       org.hibernate.cfg.annotations.reflection.internal.JPAXMLOverriddenMetadataProvider::getAnnotationReader (92 bytes)
Event: 22.954 Thread 0x00000252d8c5d290 nmethod 4141 0x00000252c6087210 code [0x00000252c6087460, 0x00000252c6087d18]
Event: 22.992 Thread 0x00000252d8c5d290 4142       3       java.lang.ClassLoader::getResources (55 bytes)
Event: 22.993 Thread 0x00000252d8c5d290 nmethod 4142 0x00000252c6088010 code [0x00000252c6088260, 0x00000252c6088e98]
Event: 22.994 Thread 0x00000252d8c5d290 4143       3       jdk.internal.module.ServicesCatalog::findServices (17 bytes)
Event: 22.995 Thread 0x00000252d8c5d290 nmethod 4143 0x00000252c6089190 code [0x00000252c6089340, 0x00000252c6089668]
Event: 22.997 Thread 0x00000252d8c5d290 4144       3       java.util.concurrent.ConcurrentHashMap::getOrDefault (16 bytes)
Event: 22.997 Thread 0x00000252d8c5d290 nmethod 4144 0x00000252c6089790 code [0x00000252c6089940, 0x00000252c6089ae8]
Event: 22.997 Thread 0x00000252d8c5d290 4145       3       java.util.ImmutableCollections$AbstractImmutableList::iterator (13 bytes)
Event: 22.998 Thread 0x00000252d8c5d290 nmethod 4145 0x00000252c6089b90 code [0x00000252c6089d40, 0x00000252c608a0a8]

GC Heap History (20 events):
Event: 6.855 GC heap before
{Heap before GC invocations=3 (full 0):
 garbage-first heap   total 65536K, used 9431K [0x00000000c1400000, 0x0000000100000000)
  region size 1024K, 6 young (6144K), 3 survivors (3072K)
 Metaspace       used 21325K, committed 21568K, reserved 1073152K
  class space    used 2278K, committed 2368K, reserved 1048576K
}
Event: 6.861 GC heap after
{Heap after GC invocations=4 (full 0):
 garbage-first heap   total 65536K, used 8610K [0x00000000c1400000, 0x0000000100000000)
  region size 1024K, 3 young (3072K), 3 survivors (3072K)
 Metaspace       used 21325K, committed 21568K, reserved 1073152K
  class space    used 2278K, committed 2368K, reserved 1048576K
}
Event: 8.807 GC heap before
{Heap before GC invocations=5 (full 0):
 garbage-first heap   total 37888K, used 27042K [0x00000000c1400000, 0x0000000100000000)
  region size 1024K, 22 young (22528K), 3 survivors (3072K)
 Metaspace       used 24791K, committed 24960K, reserved 1073152K
  class space    used 2739K, committed 2816K, reserved 1048576K
}
Event: 8.818 GC heap after
{Heap after GC invocations=6 (full 0):
 garbage-first heap   total 37888K, used 9932K [0x00000000c1400000, 0x0000000100000000)
  region size 1024K, 3 young (3072K), 3 survivors (3072K)
 Metaspace       used 24791K, committed 24960K, reserved 1073152K
  class space    used 2739K, committed 2816K, reserved 1048576K
}
Event: 10.278 GC heap before
{Heap before GC invocations=6 (full 0):
 garbage-first heap   total 37888K, used 25292K [0x00000000c1400000, 0x0000000100000000)
  region size 1024K, 18 young (18432K), 3 survivors (3072K)
 Metaspace       used 26418K, committed 26688K, reserved 1073152K
  class space    used 2919K, committed 3008K, reserved 1048576K
}
Event: 10.286 GC heap after
{Heap after GC invocations=7 (full 0):
 garbage-first heap   total 37888K, used 10693K [0x00000000c1400000, 0x0000000100000000)
  region size 1024K, 3 young (3072K), 3 survivors (3072K)
 Metaspace       used 26418K, committed 26688K, reserved 1073152K
  class space    used 2919K, committed 3008K, reserved 1048576K
}
Event: 11.598 GC heap before
{Heap before GC invocations=7 (full 0):
 garbage-first heap   total 37888K, used 25029K [0x00000000c1400000, 0x0000000100000000)
  region size 1024K, 17 young (17408K), 3 survivors (3072K)
 Metaspace       used 28841K, committed 29120K, reserved 1081344K
  class space    used 3270K, committed 3392K, reserved 1048576K
}
Event: 11.608 GC heap after
{Heap after GC invocations=8 (full 0):
 garbage-first heap   total 37888K, used 11782K [0x00000000c1400000, 0x0000000100000000)
  region size 1024K, 3 young (3072K), 3 survivors (3072K)
 Metaspace       used 28841K, committed 29120K, reserved 1081344K
  class space    used 3270K, committed 3392K, reserved 1048576K
}
Event: 13.320 GC heap before
{Heap before GC invocations=8 (full 0):
 garbage-first heap   total 37888K, used 25094K [0x00000000c1400000, 0x0000000100000000)
  region size 1024K, 17 young (17408K), 3 survivors (3072K)
 Metaspace       used 31469K, committed 31744K, reserved 1081344K
  class space    used 3677K, committed 3776K, reserved 1048576K
}
Event: 13.328 GC heap after
{Heap after GC invocations=9 (full 0):
 garbage-first heap   total 37888K, used 13481K [0x00000000c1400000, 0x0000000100000000)
  region size 1024K, 3 young (3072K), 3 survivors (3072K)
 Metaspace       used 31469K, committed 31744K, reserved 1081344K
  class space    used 3677K, committed 3776K, reserved 1048576K
}
Event: 14.596 GC heap before
{Heap before GC invocations=9 (full 0):
 garbage-first heap   total 37888K, used 25769K [0x00000000c1400000, 0x0000000100000000)
  region size 1024K, 16 young (16384K), 3 survivors (3072K)
 Metaspace       used 34567K, committed 34816K, reserved 1081344K
  class space    used 4023K, committed 4160K, reserved 1048576K
}
Event: 14.605 GC heap after
{Heap after GC invocations=10 (full 0):
 garbage-first heap   total 37888K, used 15007K [0x00000000c1400000, 0x0000000100000000)
  region size 1024K, 2 young (2048K), 2 survivors (2048K)
 Metaspace       used 34567K, committed 34816K, reserved 1081344K
  class space    used 4023K, committed 4160K, reserved 1048576K
}
Event: 15.891 GC heap before
{Heap before GC invocations=10 (full 0):
 garbage-first heap   total 37888K, used 22175K [0x00000000c1400000, 0x0000000100000000)
  region size 1024K, 10 young (10240K), 2 survivors (2048K)
 Metaspace       used 35702K, committed 35968K, reserved 1081344K
  class space    used 4150K, committed 4288K, reserved 1048576K
}
Event: 15.899 GC heap after
{Heap after GC invocations=11 (full 0):
 garbage-first heap   total 37888K, used 15633K [0x00000000c1400000, 0x0000000100000000)
  region size 1024K, 1 young (1024K), 1 survivors (1024K)
 Metaspace       used 35702K, committed 35968K, reserved 1081344K
  class space    used 4150K, committed 4288K, reserved 1048576K
}
Event: 17.444 GC heap before
{Heap before GC invocations=12 (full 0):
 garbage-first heap   total 37888K, used 26897K [0x00000000c1400000, 0x0000000100000000)
  region size 1024K, 12 young (12288K), 1 survivors (1024K)
 Metaspace       used 37973K, committed 38272K, reserved 1089536K
  class space    used 4451K, committed 4544K, reserved 1048576K
}
Event: 17.448 GC heap after
{Heap after GC invocations=13 (full 0):
 garbage-first heap   total 37888K, used 16176K [0x00000000c1400000, 0x0000000100000000)
  region size 1024K, 2 young (2048K), 2 survivors (2048K)
 Metaspace       used 37973K, committed 38272K, reserved 1089536K
  class space    used 4451K, committed 4544K, reserved 1048576K
}
Event: 18.543 GC heap before
{Heap before GC invocations=13 (full 0):
 garbage-first heap   total 37888K, used 27440K [0x00000000c1400000, 0x0000000100000000)
  region size 1024K, 13 young (13312K), 2 survivors (2048K)
 Metaspace       used 40992K, committed 41280K, reserved 1089536K
  class space    used 5006K, committed 5120K, reserved 1048576K
}
Event: 18.552 GC heap after
{Heap after GC invocations=14 (full 0):
 garbage-first heap   total 37888K, used 16715K [0x00000000c1400000, 0x0000000100000000)
  region size 1024K, 2 young (2048K), 2 survivors (2048K)
 Metaspace       used 40992K, committed 41280K, reserved 1089536K
  class space    used 5006K, committed 5120K, reserved 1048576K
}
Event: 21.657 GC heap before
{Heap before GC invocations=14 (full 0):
 garbage-first heap   total 37888K, used 25931K [0x00000000c1400000, 0x0000000100000000)
  region size 1024K, 12 young (12288K), 2 survivors (2048K)
 Metaspace       used 47333K, committed 47552K, reserved 1097728K
  class space    used 5794K, committed 5888K, reserved 1048576K
}
Event: 21.663 GC heap after
{Heap after GC invocations=15 (full 0):
 garbage-first heap   total 37888K, used 17936K [0x00000000c1400000, 0x0000000100000000)
  region size 1024K, 2 young (2048K), 2 survivors (2048K)
 Metaspace       used 47333K, committed 47552K, reserved 1097728K
  class space    used 5794K, committed 5888K, reserved 1048576K
}

Dll operation events (9 events):
Event: 0.302 Loaded shared library C:\Tools\eclipse\plugins\org.eclipse.justj.openjdk.hotspot.jre.full.win32.x86_64_17.0.5.v20221102-0933\jre\bin\java.dll
Event: 1.475 Loaded shared library C:\Tools\eclipse\plugins\org.eclipse.justj.openjdk.hotspot.jre.full.win32.x86_64_17.0.5.v20221102-0933\jre\bin\net.dll
Event: 1.545 Loaded shared library C:\Tools\eclipse\plugins\org.eclipse.justj.openjdk.hotspot.jre.full.win32.x86_64_17.0.5.v20221102-0933\jre\bin\nio.dll
Event: 1.576 Loaded shared library C:\Tools\eclipse\plugins\org.eclipse.justj.openjdk.hotspot.jre.full.win32.x86_64_17.0.5.v20221102-0933\jre\bin\zip.dll
Event: 2.119 Loaded shared library C:\Tools\eclipse\plugins\org.eclipse.justj.openjdk.hotspot.jre.full.win32.x86_64_17.0.5.v20221102-0933\jre\bin\verify.dll
Event: 2.141 Loaded shared library C:\Tools\eclipse\plugins\org.eclipse.justj.openjdk.hotspot.jre.full.win32.x86_64_17.0.5.v20221102-0933\jre\bin\jimage.dll
Event: 3.674 Loaded shared library C:\Tools\eclipse\plugins\org.eclipse.justj.openjdk.hotspot.jre.full.win32.x86_64_17.0.5.v20221102-0933\jre\bin\management.dll
Event: 3.750 Loaded shared library C:\Tools\eclipse\plugins\org.eclipse.justj.openjdk.hotspot.jre.full.win32.x86_64_17.0.5.v20221102-0933\jre\bin\management_ext.dll
Event: 14.345 Loaded shared library C:\Tools\eclipse\plugins\org.eclipse.justj.openjdk.hotspot.jre.full.win32.x86_64_17.0.5.v20221102-0933\jre\bin\sunmscapi.dll

Deoptimization events (20 events):
Event: 20.475 Thread 0x00000252dac145a0 Uncommon trap: trap_request=0xffffff45 fr.pc=0x00000252cce5d2e0 relative=0x00000000000000c0
Event: 20.475 Thread 0x00000252dac145a0 Uncommon trap: reason=unstable_if action=reinterpret pc=0x00000252cce5d2e0 method=java.lang.CharacterDataLatin1.digit(II)I @ 7 c2
Event: 20.475 Thread 0x00000252dac145a0 DEOPT PACKING pc=0x00000252cce5d2e0 sp=0x0000006506efbbf0
Event: 20.475 Thread 0x00000252dac145a0 DEOPT UNPACKING pc=0x00000252c52523a3 sp=0x0000006506efbab0 mode 2
Event: 20.475 Thread 0x00000252dac145a0 Uncommon trap: trap_request=0xffffff45 fr.pc=0x00000252cce5d734 relative=0x0000000000000094
Event: 20.475 Thread 0x00000252dac145a0 Uncommon trap: reason=unstable_if action=reinterpret pc=0x00000252cce5d734 method=java.lang.CharacterDataLatin1.digit(II)I @ 7 c2
Event: 20.475 Thread 0x00000252dac145a0 DEOPT PACKING pc=0x00000252cce5d734 sp=0x0000006506efbb40
Event: 20.475 Thread 0x00000252dac145a0 DEOPT UNPACKING pc=0x00000252c52523a3 sp=0x0000006506efbac0 mode 2
Event: 20.896 Thread 0x00000252dac145a0 Uncommon trap: trap_request=0xffffff45 fr.pc=0x00000252cceb6cb0 relative=0x0000000000000110
Event: 20.896 Thread 0x00000252dac145a0 Uncommon trap: reason=unstable_if action=reinterpret pc=0x00000252cceb6cb0 method=java.util.Arrays.hashCode([Ljava/lang/Object;)I @ 34 c2
Event: 20.896 Thread 0x00000252dac145a0 DEOPT PACKING pc=0x00000252cceb6cb0 sp=0x0000006506efcaa0
Event: 20.896 Thread 0x00000252dac145a0 DEOPT UNPACKING pc=0x00000252c52523a3 sp=0x0000006506efca18 mode 2
Event: 21.078 Thread 0x00000252dac145a0 Uncommon trap: trap_request=0xffffff45 fr.pc=0x00000252ccdab1c8 relative=0x00000000000000a8
Event: 21.078 Thread 0x00000252dac145a0 Uncommon trap: reason=unstable_if action=reinterpret pc=0x00000252ccdab1c8 method=java.lang.CharacterDataLatin1.isWhitespace(I)Z @ 14 c2
Event: 21.078 Thread 0x00000252dac145a0 DEOPT PACKING pc=0x00000252ccdab1c8 sp=0x0000006506efc9b0
Event: 21.078 Thread 0x00000252dac145a0 DEOPT UNPACKING pc=0x00000252c52523a3 sp=0x0000006506efc878 mode 2
Event: 21.078 Thread 0x00000252dac145a0 Uncommon trap: trap_request=0xffffff45 fr.pc=0x00000252ccd2a584 relative=0x0000000000000084
Event: 21.078 Thread 0x00000252dac145a0 Uncommon trap: reason=unstable_if action=reinterpret pc=0x00000252ccd2a584 method=java.lang.CharacterDataLatin1.isWhitespace(I)Z @ 14 c2
Event: 21.078 Thread 0x00000252dac145a0 DEOPT PACKING pc=0x00000252ccd2a584 sp=0x0000006506efc920
Event: 21.078 Thread 0x00000252dac145a0 DEOPT UNPACKING pc=0x00000252c52523a3 sp=0x0000006506efc890 mode 2

Classes unloaded (0 events):
No events

Classes redefined (0 events):
No events

Internal exceptions (20 events):
Event: 13.008 Thread 0x00000252dac145a0 Exception <a 'java/lang/NoSuchMethodError'{0x00000000c2d17000}: 'void java.lang.invoke.DirectMethodHandle$Holder.invokeStatic(java.lang.Object, java.lang.Object, int)'> (0x00000000c2d17000) 
thrown [s\src\hotspot\share\interpreter\linkResolver.cpp, line 759]
Event: 13.167 Thread 0x00000252dac145a0 Exception <a 'java/lang/NoSuchMethodError'{0x00000000c2c50760}: 'void java.lang.invoke.DirectMethodHandle$Holder.invokeInterface(java.lang.Object, java.lang.Object, int)'> (0x00000000c2c50760) 
thrown [s\src\hotspot\share\interpreter\linkResolver.cpp, line 759]
Event: 13.221 Thread 0x00000252dac145a0 Exception <a 'java/lang/IncompatibleClassChangeError'{0x00000000c2ca0840}: Found class java.lang.Object, but interface was expected> (0x00000000c2ca0840) 
thrown [s\src\hotspot\share\interpreter\linkResolver.cpp, line 826]
Event: 13.222 Thread 0x00000252dac145a0 Exception <a 'java/lang/NoSuchMethodError'{0x00000000c2ca59c8}: 'void java.lang.invoke.DirectMethodHandle$Holder.invokeStatic(java.lang.Object, int, java.lang.Object)'> (0x00000000c2ca59c8) 
thrown [s\src\hotspot\share\interpreter\linkResolver.cpp, line 759]
Event: 13.232 Thread 0x00000252dac145a0 Exception <a 'java/lang/NoSuchMethodError'{0x00000000c2cd4dc8}: 'int java.lang.invoke.DirectMethodHandle$Holder.invokeSpecial(java.lang.Object, java.lang.Object, int)'> (0x00000000c2cd4dc8) 
thrown [s\src\hotspot\share\interpreter\linkResolver.cpp, line 759]
Event: 13.568 Thread 0x00000252dac145a0 Exception <a 'java/lang/NoSuchMethodError'{0x00000000c4fa7108}: 'java.lang.Object java.lang.invoke.DirectMethodHandle$Holder.invokeStaticInit(java.lang.Object, int, int, int, int)'> (0x00000000c4fa7108) 
thrown [s\src\hotspot\share\interpreter\linkResolver.cpp, line 759]
Event: 14.012 Thread 0x00000252dac145a0 Exception <a 'java/lang/NoSuchMethodError'{0x00000000c4e7cb28}: 'java.lang.Object java.lang.invoke.DirectMethodHandle$Holder.invokeStaticInit(java.lang.Object, java.lang.Object, int, int, int, int)'> (0x00000000c4e7cb28) 
thrown [s\src\hotspot\share\interpreter\linkResolver.cpp, line 759]
Event: 14.511 Thread 0x00000252dac145a0 Exception <a 'sun/nio/fs/WindowsException'{0x00000000c2c50218}> (0x00000000c2c50218) 
thrown [s\src\hotspot\share\prims\jni.cpp, line 516]
Event: 14.515 Thread 0x00000252dac145a0 Exception <a 'sun/nio/fs/WindowsException'{0x00000000c2c55f10}> (0x00000000c2c55f10) 
thrown [s\src\hotspot\share\prims\jni.cpp, line 516]
Event: 14.515 Thread 0x00000252dac145a0 Exception <a 'sun/nio/fs/WindowsException'{0x00000000c2c56618}> (0x00000000c2c56618) 
thrown [s\src\hotspot\share\prims\jni.cpp, line 516]
Event: 14.812 Thread 0x00000252dac145a0 Implicit null exception at 0x00000252ccd8d2f8 to 0x00000252ccd8eb48
Event: 15.005 Thread 0x00000252dac145a0 Exception <a 'java/io/FileNotFoundException'{0x00000000c3415088}> (0x00000000c3415088) 
thrown [s\src\hotspot\share\prims\jni.cpp, line 516]
Event: 15.139 Thread 0x00000252dac145a0 Exception <a 'java/lang/NoSuchMethodError'{0x00000000c33555d8}: 'int java.lang.invoke.DirectMethodHandle$Holder.invokeInterface(java.lang.Object, java.lang.Object, java.lang.Object, java.lang.Object)'> (0x00000000c33555d8) 
thrown [s\src\hotspot\share\interpreter\linkResolver.cpp, line 759]
Event: 15.498 Thread 0x00000252dac145a0 Exception <a 'java/lang/NoSuchMethodError'{0x00000000c3121288}: 'long java.lang.invoke.DirectMethodHandle$Holder.invokeVirtual(java.lang.Object, java.lang.Object)'> (0x00000000c3121288) 
thrown [s\src\hotspot\share\interpreter\linkResolver.cpp, line 759]
Event: 15.589 Thread 0x00000252dac145a0 Exception <a 'java/io/FileNotFoundException'{0x00000000c314df40}> (0x00000000c314df40) 
thrown [s\src\hotspot\share\prims\jni.cpp, line 516]
Event: 17.184 Thread 0x00000252dac145a0 Implicit null exception at 0x00000252ccdf098b to 0x00000252ccdf0ba4
Event: 19.638 Thread 0x00000252dac145a0 Exception <a 'sun/nio/fs/WindowsException'{0x00000000c34b8db8}> (0x00000000c34b8db8) 
thrown [s\src\hotspot\share\prims\jni.cpp, line 516]
Event: 19.748 Thread 0x00000252dac145a0 Exception <a 'java/lang/NoSuchMethodError'{0x00000000c34d9dd0}: 'int java.lang.invoke.DirectMethodHandle$Holder.invokeStaticInit(java.lang.Object, java.lang.Object, java.lang.Object, java.lang.Object)'> (0x00000000c34d9dd0) 
thrown [s\src\hotspot\share\interpreter\linkResolver.cpp, line 759]
Event: 20.896 Thread 0x00000252dac145a0 Implicit null exception at 0x00000252cceb6bec to 0x00000252cceb6c94
Event: 22.557 Thread 0x00000252dac145a0 Exception <a 'java/lang/NoSuchMethodError'{0x00000000c4fdabb0}: 'java.lang.Object java.lang.invoke.DirectMethodHandle$Holder.invokeStaticInit(java.lang.Object, java.lang.Object, java.lang.Object, java.lang.Object)'> (0x00000000c4fdabb0) 
thrown [s\src\hotspot\share\interpreter\linkResolver.cpp, line 759]

VM Operations (20 events):
Event: 18.543 Executing VM operation: G1CollectForAllocation
Event: 18.552 Executing VM operation: G1CollectForAllocation done
Event: 19.554 Executing VM operation: Cleanup
Event: 19.555 Executing VM operation: Cleanup done
Event: 19.641 Executing VM operation: HandshakeAllThreads
Event: 19.641 Executing VM operation: HandshakeAllThreads done
Event: 19.735 Executing VM operation: HandshakeAllThreads
Event: 19.735 Executing VM operation: HandshakeAllThreads done
Event: 20.357 Executing VM operation: HandshakeAllThreads
Event: 20.357 Executing VM operation: HandshakeAllThreads done
Event: 21.364 Executing VM operation: Cleanup
Event: 21.365 Executing VM operation: Cleanup done
Event: 21.657 Executing VM operation: G1CollectForAllocation
Event: 21.663 Executing VM operation: G1CollectForAllocation done
Event: 21.699 Executing VM operation: G1Concurrent
Event: 21.703 Executing VM operation: G1Concurrent done
Event: 21.719 Executing VM operation: G1Concurrent
Event: 21.719 Executing VM operation: G1Concurrent done
Event: 22.053 Executing VM operation: HandshakeAllThreads
Event: 22.053 Executing VM operation: HandshakeAllThreads done

Events (20 events):
Event: 20.894 loading class java/time/LocalDate$1
Event: 20.894 loading class java/time/LocalDate$1 done
Event: 20.894 loading class java/time/Instant$1
Event: 20.894 loading class java/time/Instant$1 done
Event: 21.675 loading class java/util/TimerTask
Event: 21.675 loading class java/util/TimerTask done
Event: 21.678 loading class java/util/concurrent/atomic/AtomicReferenceFieldUpdater
Event: 21.678 loading class java/util/concurrent/atomic/AtomicReferenceFieldUpdater done
Event: 21.678 loading class java/util/concurrent/atomic/AtomicReferenceFieldUpdater$AtomicReferenceFieldUpdaterImpl
Event: 21.678 loading class java/util/concurrent/atomic/AtomicReferenceFieldUpdater$AtomicReferenceFieldUpdaterImpl done
Event: 21.678 loading class java/util/concurrent/atomic/AtomicReferenceFieldUpdater$AtomicReferenceFieldUpdaterImpl$1
Event: 21.678 loading class java/util/concurrent/atomic/AtomicReferenceFieldUpdater$AtomicReferenceFieldUpdaterImpl$1 done
Event: 22.058 Thread 0x00000252dd0d98e0 Thread added: 0x00000252dd0d98e0
Event: 22.058 loading class java/util/concurrent/ThreadPoolExecutor$DiscardOldestPolicy
Event: 22.058 loading class java/util/concurrent/ThreadPoolExecutor$DiscardOldestPolicy done
Event: 22.058 loading class java/util/concurrent/ThreadPoolExecutor$CallerRunsPolicy
Event: 22.058 loading class java/util/concurrent/ThreadPoolExecutor$CallerRunsPolicy done
Event: 22.171 Thread 0x00000252db8f2070 Thread added: 0x00000252db8f2070
Event: 22.913 loading class jdk/internal/ValueBased
Event: 22.913 loading class jdk/internal/ValueBased done


Dynamic libraries:
0x00007ff7872a0000 - 0x00007ff7872ae000 	C:\Tools\eclipse\plugins\org.eclipse.justj.openjdk.hotspot.jre.full.win32.x86_64_17.0.5.v20221102-0933\jre\bin\javaw.exe
0x00007fffdd650000 - 0x00007fffdd848000 	C:\Windows\SYSTEM32\ntdll.dll
0x00007fffdc450000 - 0x00007fffdc50f000 	C:\Windows\System32\KERNEL32.DLL
0x00007fffdaff0000 - 0x00007fffdb2c2000 	C:\Windows\System32\KERNELBASE.dll
0x00007fffdb590000 - 0x00007fffdb690000 	C:\Windows\System32\ucrtbase.dll
0x00007fffd56b0000 - 0x00007fffd56c7000 	C:\Tools\eclipse\plugins\org.eclipse.justj.openjdk.hotspot.jre.full.win32.x86_64_17.0.5.v20221102-0933\jre\bin\jli.dll
0x00007fffdca70000 - 0x00007fffdcc11000 	C:\Windows\System32\USER32.dll
0x00007fffdb560000 - 0x00007fffdb582000 	C:\Windows\System32\win32u.dll
0x00007fffdd500000 - 0x00007fffdd52b000 	C:\Windows\System32\GDI32.dll
0x00007fffdb320000 - 0x00007fffdb42f000 	C:\Windows\System32\gdi32full.dll
0x00007fffdb430000 - 0x00007fffdb4cd000 	C:\Windows\System32\msvcp_win.dll
0x00007fffc2740000 - 0x00007fffc29da000 	C:\Windows\WinSxS\amd64_microsoft.windows.common-controls_6595b64144ccf1df_6.0.19041.1110_none_60b5254171f9507e\COMCTL32.dll
0x00007fffdb870000 - 0x00007fffdb90e000 	C:\Windows\System32\msvcrt.dll
0x00007fffd2c80000 - 0x00007fffd2c99000 	C:\Tools\eclipse\plugins\org.eclipse.justj.openjdk.hotspot.jre.full.win32.x86_64_17.0.5.v20221102-0933\jre\bin\VCRUNTIME140.dll
0x00007fffdc510000 - 0x00007fffdc542000 	C:\Windows\System32\IMM32.DLL
0x00007fffd2f00000 - 0x00007fffd2f0c000 	C:\Tools\eclipse\plugins\org.eclipse.justj.openjdk.hotspot.jre.full.win32.x86_64_17.0.5.v20221102-0933\jre\bin\vcruntime140_1.dll
0x00007fffc2a20000 - 0x00007fffc2ab1000 	C:\Tools\eclipse\plugins\org.eclipse.justj.openjdk.hotspot.jre.full.win32.x86_64_17.0.5.v20221102-0933\jre\bin\msvcp140.dll
0x00007fffaa710000 - 0x00007fffab354000 	C:\Tools\eclipse\plugins\org.eclipse.justj.openjdk.hotspot.jre.full.win32.x86_64_17.0.5.v20221102-0933\jre\bin\server\jvm.dll
0x00007fffdd450000 - 0x00007fffdd4fe000 	C:\Windows\System32\ADVAPI32.dll
0x00007fffdce20000 - 0x00007fffdcebc000 	C:\Windows\System32\sechost.dll
0x00007fffdcc20000 - 0x00007fffdcd45000 	C:\Windows\System32\RPCRT4.dll
0x00007fffd6380000 - 0x00007fffd63a7000 	C:\Windows\SYSTEM32\WINMM.dll
0x00007fffd1c20000 - 0x00007fffd1c2a000 	C:\Windows\SYSTEM32\VERSION.dll
0x00007fffb6cf0000 - 0x00007fffb6cf9000 	C:\Windows\SYSTEM32\WSOCK32.dll
0x00007fffdbc70000 - 0x00007fffdbcdb000 	C:\Windows\System32\WS2_32.dll
0x00007fffd8c00000 - 0x00007fffd8c12000 	C:\Windows\SYSTEM32\kernel.appcore.dll
0x00007fffd0750000 - 0x00007fffd075a000 	C:\Tools\eclipse\plugins\org.eclipse.justj.openjdk.hotspot.jre.full.win32.x86_64_17.0.5.v20221102-0933\jre\bin\jimage.dll
0x00007fffd37a0000 - 0x00007fffd3984000 	C:\Windows\SYSTEM32\DBGHELP.DLL
0x00007fffd36c0000 - 0x00007fffd36f5000 	C:\Windows\SYSTEM32\dbgcore.DLL
0x00007fffdb4d0000 - 0x00007fffdb552000 	C:\Windows\System32\bcryptPrimitives.dll
0x00007fffc5260000 - 0x00007fffc5285000 	C:\Tools\eclipse\plugins\org.eclipse.justj.openjdk.hotspot.jre.full.win32.x86_64_17.0.5.v20221102-0933\jre\bin\java.dll
0x00007fffcbcc0000 - 0x00007fffcbcd8000 	C:\Tools\eclipse\plugins\org.eclipse.justj.openjdk.hotspot.jre.full.win32.x86_64_17.0.5.v20221102-0933\jre\bin\zip.dll
0x00007fffdbce0000 - 0x00007fffdc425000 	C:\Windows\System32\SHELL32.dll
0x00007fffd8e00000 - 0x00007fffd9592000 	C:\Windows\SYSTEM32\windows.storage.dll
0x00007fffdb910000 - 0x00007fffdbc65000 	C:\Windows\System32\combase.dll
0x00007fffda7a0000 - 0x00007fffda7d0000 	C:\Windows\SYSTEM32\Wldp.dll
0x00007fffdb7c0000 - 0x00007fffdb86d000 	C:\Windows\System32\SHCORE.dll
0x00007fffdcdc0000 - 0x00007fffdce15000 	C:\Windows\System32\shlwapi.dll
0x00007fffdac80000 - 0x00007fffdac9f000 	C:\Windows\SYSTEM32\profapi.dll
0x00007fffc78d0000 - 0x00007fffc78e9000 	C:\Tools\eclipse\plugins\org.eclipse.justj.openjdk.hotspot.jre.full.win32.x86_64_17.0.5.v20221102-0933\jre\bin\net.dll
0x00007fffd3300000 - 0x00007fffd340c000 	C:\Windows\SYSTEM32\WINHTTP.dll
0x00007fffda500000 - 0x00007fffda56a000 	C:\Windows\system32\mswsock.dll
0x00007fffc4540000 - 0x00007fffc4555000 	C:\Tools\eclipse\plugins\org.eclipse.justj.openjdk.hotspot.jre.full.win32.x86_64_17.0.5.v20221102-0933\jre\bin\nio.dll
0x00007fffd05a0000 - 0x00007fffd05b0000 	C:\Tools\eclipse\plugins\org.eclipse.justj.openjdk.hotspot.jre.full.win32.x86_64_17.0.5.v20221102-0933\jre\bin\verify.dll
0x00007fffd2d90000 - 0x00007fffd2d99000 	C:\Tools\eclipse\plugins\org.eclipse.justj.openjdk.hotspot.jre.full.win32.x86_64_17.0.5.v20221102-0933\jre\bin\management.dll
0x00007fffd2940000 - 0x00007fffd294b000 	C:\Tools\eclipse\plugins\org.eclipse.justj.openjdk.hotspot.jre.full.win32.x86_64_17.0.5.v20221102-0933\jre\bin\management_ext.dll
0x00007fffdcd50000 - 0x00007fffdcd58000 	C:\Windows\System32\PSAPI.DLL
0x00007fffc7000000 - 0x00007fffc7017000 	C:\Windows\system32\napinsp.dll
0x00007fffc6fe0000 - 0x00007fffc6ffb000 	C:\Windows\system32\pnrpnsp.dll
0x00007fffc6fc0000 - 0x00007fffc6fd5000 	C:\Windows\system32\wshbth.dll
0x00007fffd4bc0000 - 0x00007fffd4bdd000 	C:\Windows\system32\NLAapi.dll
0x00007fffda1a0000 - 0x00007fffda1db000 	C:\Windows\SYSTEM32\IPHLPAPI.DLL
0x00007fffda1f0000 - 0x00007fffda2bb000 	C:\Windows\SYSTEM32\DNSAPI.dll
0x00007fffdc550000 - 0x00007fffdc558000 	C:\Windows\System32\NSI.dll
0x00007fffc6fa0000 - 0x00007fffc6fb2000 	C:\Windows\System32\winrnr.dll
0x00007fffd1400000 - 0x00007fffd140a000 	C:\Windows\System32\rasadhlp.dll
0x00007fffd1550000 - 0x00007fffd15d0000 	C:\Windows\System32\fwpuclnt.dll
0x00007fffdafc0000 - 0x00007fffdafe7000 	C:\Windows\System32\bcrypt.dll
0x00007fffda6f0000 - 0x00007fffda708000 	C:\Windows\SYSTEM32\CRYPTSP.dll
0x00007fffd9db0000 - 0x00007fffd9de4000 	C:\Windows\system32\rsaenh.dll
0x00007fffdac40000 - 0x00007fffdac6e000 	C:\Windows\SYSTEM32\USERENV.dll
0x00007fffda710000 - 0x00007fffda71c000 	C:\Windows\SYSTEM32\CRYPTBASE.dll
0x00007fffd3780000 - 0x00007fffd3797000 	C:\Windows\SYSTEM32\dhcpcsvc6.DLL
0x00007fffd46a0000 - 0x00007fffd46bd000 	C:\Windows\SYSTEM32\dhcpcsvc.DLL
0x00007fffd0380000 - 0x00007fffd038e000 	C:\Tools\eclipse\plugins\org.eclipse.justj.openjdk.hotspot.jre.full.win32.x86_64_17.0.5.v20221102-0933\jre\bin\sunmscapi.dll
0x00007fffdad40000 - 0x00007fffdae96000 	C:\Windows\System32\CRYPT32.dll
0x00007fffda810000 - 0x00007fffda837000 	C:\Windows\SYSTEM32\ncrypt.dll
0x00007fffda7d0000 - 0x00007fffda80b000 	C:\Windows\SYSTEM32\NTASN1.dll

dbghelp: loaded successfully - version: 4.0.5 - missing functions: none
symbol engine: initialized successfully - sym options: 0x614 - pdb path: .;C:\Tools\eclipse\plugins\org.eclipse.justj.openjdk.hotspot.jre.full.win32.x86_64_17.0.5.v20221102-0933\jre\bin;C:\Windows\SYSTEM32;C:\Windows\WinSxS\amd64_microsoft.windows.common-controls_6595b64144ccf1df_6.0.19041.1110_none_60b5254171f9507e;C:\Tools\eclipse\plugins\org.eclipse.justj.openjdk.hotspot.jre.full.win32.x86_64_17.0.5.v20221102-0933\jre\bin\server

VM Arguments:
jvm_args: -Dfile.encoding=UTF-8 -XX:+ShowCodeDetailsInExceptionMessages 
java_command: com.recharger.admin.AdminApplication
java_class_path (initial): E:\Dev\alpha-admin\target\classes;C:\Users\Prof. S P Sarmah\.m2\repository\org\springframework\boot\spring-boot-starter-data-jpa\2.7.7\spring-boot-starter-data-jpa-2.7.7.jar;C:\Users\Prof. S P Sarmah\.m2\repository\org\springframework\boot\spring-boot-starter-aop\2.7.7\spring-boot-starter-aop-2.7.7.jar;C:\Users\Prof. S P Sarmah\.m2\repository\org\springframework\spring-aop\5.3.24\spring-aop-5.3.24.jar;C:\Users\Prof. S P Sarmah\.m2\repository\org\aspectj\aspectjweaver\1.9.7\aspectjweaver-1.9.7.jar;C:\Users\Prof. S P Sarmah\.m2\repository\org\springframework\boot\spring-boot-starter-jdbc\2.7.7\spring-boot-starter-jdbc-2.7.7.jar;C:\Users\Prof. S P Sarmah\.m2\repository\com\zaxxer\HikariCP\4.0.3\HikariCP-4.0.3.jar;C:\Users\Prof. S P Sarmah\.m2\repository\org\springframework\spring-jdbc\5.3.24\spring-jdbc-5.3.24.jar;C:\Users\Prof. S P Sarmah\.m2\repository\jakarta\transaction\jakarta.transaction-api\1.3.3\jakarta.transaction-api-1.3.3.jar;C:\Users\Prof. S P Sarmah\.m2\repository\jakarta\persistence\jakarta.persistence-api\2.2.3\jakarta.persistence-api-2.2.3.jar;C:\Users\Prof. S P Sarmah\.m2\repository\org\hibernate\hibernate-core\5.6.14.Final\hibernate-core-5.6.14.Final.jar;C:\Users\Prof. S P Sarmah\.m2\repository\org\jboss\logging\jboss-logging\3.4.3.Final\jboss-logging-3.4.3.Final.jar;C:\Users\Prof. S P Sarmah\.m2\repository\net\bytebuddy\byte-buddy\1.12.20\byte-buddy-1.12.20.jar;C:\Users\Prof. S P Sarmah\.m2\repository\antlr\antlr\2.7.7\antlr-2.7.7.jar;C:\Users\Prof. S P Sarmah\.m2\repository\org\jboss\jandex\2.4.2.Final\jandex-2.4.2.Final.jar;C:\Users\Prof. S P Sarmah\.m2\repository\com\fasterxml\classmate\1.5.1\classmate-1.5.1.jar;C:\Users\Prof. S P Sarmah\.m2\repository\org\hibernate\common\hibernate-commons-annotations\5.1.2.Final\hibernate-commons-annotations-5.1.2.Final.jar;C:\Users\Prof. S P Sarmah\.m2\repository\org\glassfish\jaxb\jaxb-runtime\2.3.7\jaxb-runtime-2.3.7.jar;C:\Users\Prof. S P Sarmah\.m2\repository\org\glassfish\jaxb\
Launcher Type: SUN_STANDARD

[Global flags]
     intx CICompilerCount                          = 3                                         {product} {ergonomic}
     uint ConcGCThreads                            = 1                                         {product} {ergonomic}
     uint G1ConcRefinementThreads                  = 4                                         {product} {ergonomic}
   size_t G1HeapRegionSize                         = 1048576                                   {product} {ergonomic}
    uintx GCDrainStackTargetSize                   = 64                                        {product} {ergonomic}
   size_t InitialHeapSize                          = 67108864                                  {product} {ergonomic}
   size_t MarkStackSize                            = 4194304                                   {product} {ergonomic}
   size_t MaxHeapSize                              = 1052770304                                {product} {ergonomic}
   size_t MaxNewSize                               = 631242752                                 {product} {ergonomic}
   size_t MinHeapDeltaBytes                        = 1048576                                   {product} {ergonomic}
   size_t MinHeapSize                              = 8388608                                   {product} {ergonomic}
    uintx NonNMethodCodeHeapSize                   = 5832780                                {pd product} {ergonomic}
    uintx NonProfiledCodeHeapSize                  = 122912730                              {pd product} {ergonomic}
    uintx ProfiledCodeHeapSize                     = 122912730                              {pd product} {ergonomic}
    uintx ReservedCodeCacheSize                    = 251658240                              {pd product} {ergonomic}
     bool SegmentedCodeCache                       = true                                      {product} {ergonomic}
     bool ShowCodeDetailsInExceptionMessages       = true                                   {manageable} {command line}
   size_t SoftMaxHeapSize                          = 1052770304                             {manageable} {ergonomic}
     bool UseCompressedClassPointers               = true                           {product lp64_product} {ergonomic}
     bool UseCompressedOops                        = true                           {product lp64_product} {ergonomic}
     bool UseG1GC                                  = true                                      {product} {ergonomic}
     bool UseLargePagesIndividualAllocation        = false                                  {pd product} {ergonomic}

Logging:
Log output configuration:
 #0: stdout all=warning uptime,level,tags
 #1: stderr all=off uptime,level,tags

Environment Variables:
JAVA_HOME=C:\Program Files\Java\jdk-18.0.2\bin
PATH=C:/Tools/eclipse//plugins/org.eclipse.justj.openjdk.hotspot.jre.full.win32.x86_64_17.0.5.v20221102-0933/jre/bin/server;C:/Tools/eclipse//plugins/org.eclipse.justj.openjdk.hotspot.jre.full.win32.x86_64_17.0.5.v20221102-0933/jre/bin;C:\Program Files\Common Files\Oracle\Java\javapath;C:\Windows\system32;C:\Windows;C:\Windows\System32\Wbem;C:\Windows\System32\WindowsPowerShell\v1.0\;C:\Windows\System32\OpenSSH\;C:\Program Files\nodejs\;C:\Program Files\Git\cmd;%Java_Home%\bin;C:\Program Files (x86)\dotnet\;C:\Program Files\MySQL\MySQL Shell 8.0\bin\;C:\Users\Prof. S P Sarmah\AppData\Local\Microsoft\WindowsApps;;C:\Users\Prof. S P Sarmah\AppData\Local\Programs\Microsoft VS Code\bin;C:\Users\Prof. S P Sarmah\AppData\Roaming\npm;C:\Program Files\JetBrains\IntelliJ IDEA 2022.2\bin;;E:\SpringBoot Course\Installations\IntelliJ IDEA Community Edition 2022.2.1\bin;;C:\Tools\eclipse;
USERNAME=Prof. S P Sarmah
OS=Windows_NT
PROCESSOR_IDENTIFIER=Intel64 Family 6 Model 61 Stepping 4, GenuineIntel
TMP=C:\Users\PROF~1.SPS\AppData\Local\Temp
TEMP=C:\Users\PROF~1.SPS\AppData\Local\Temp



---------------  S Y S T E M  ---------------

OS:
 Windows 10 , 64 bit Build 19041 (10.0.19041.2546)
OS uptime: 12 days 10:08 hours

CPU: total 4 (initial active 4) (2 cores per cpu, 2 threads per core) family 6 model 61 stepping 4 microcode 0x2d, cx8, cmov, fxsr, ht, mmx, 3dnowpref, sse, sse2, sse3, ssse3, sse4.1, sse4.2, popcnt, lzcnt, tsc, tscinvbit, avx, avx2, aes, erms, clmul, bmi1, bmi2, adx, fma, vzeroupper, clflush

Memory: 4k page, system-wide physical 4010M (303M free)
TotalPageFile size 16298M (AvailPageFile size 5M)
current process WorkingSet (physical memory assigned to process): 170M, peak: 170M
current process commit charge ("private bytes"): 194M, peak: 196M

vm_info: OpenJDK 64-Bit Server VM (17.0.5+8) for windows-amd64 JRE (17.0.5+8), built on Oct 19 2022 04:48:13 by "temurin" with MS VC++ 16.7 (VS2019)

END.
